<?xml version="1.0" encoding="UTF-8"?>
<!-- Generated by org.testng.reporters.JUnitXMLReporter -->
<testsuite ignored="2" hostname="HP" failures="1" tests="3" name="SmokeTest" time="78.539" errors="0" timestamp="2022-11-06T22:32:25 IST">
  <testcase classname="com.dcpl.testcase.IndexPageTest" name="verifyLogo" time="0.024">
    <failure type="java.lang.AssertionError" message="expected [true] but found [false]">
      <![CDATA[java.lang.AssertionError: expected [true] but found [false]
at com.dcpl.testcase.IndexPageTest.verifyLogo(IndexPageTest.java:35)
at java.base/java.util.ArrayList.forEach(ArrayList.java:1511)
... Removed 31 stack frames]]>
    </failure>
  </testcase> <!-- verifyLogo -->
  <testcase classname="com.dcpl.testcase.IndexPageTest" name="verifyStoreTitle" time="0.016"/>
  <testcase classname="com.dcpl.testcase.LoginPageTest" name="loginTest" time="32.072"/>
  <testcase classname="com.dcpl.base.BaseClass" name="@AfterSuite afterSuite" time="0.0">
    <ignored/>
  </testcase> <!-- @AfterSuite afterSuite -->
  <testcase classname="com.dcpl.base.BaseClass" name="@BeforeSuite readConfig" time="0.0">
    <ignored/>
  </testcase> <!-- @BeforeSuite readConfig -->
</testsuite> <!-- SmokeTest -->
